

times in msec
 clock   self+sourced   self:  sourced script
 clock   elapsed:              other lines

000.072  000.072: --- NVIM STARTING ---
001.023  000.950: locale set
002.681  001.659: inits 1
002.718  000.036: window checked
003.365  000.647: parsing arguments
003.375  000.010: expanding arguments
003.581  000.207: inits 2
005.216  001.634: init highlight
013.367  007.526  007.526: sourcing /home/hamza/.local/share/nvim/site/autoload/plug.vim
085.742  000.245  000.245: sourcing /home/hamza/.config/nvim/bundle/vim-javascript/ftdetect/javascript.vim
086.250  000.340  000.340: sourcing /home/hamza/.config/nvim/bundle/vim-json/ftdetect/json.vim
086.470  000.101  000.101: sourcing /home/hamza/.config/nvim/bundle/vim-node/ftdetect/node.vim
086.886  000.298  000.298: sourcing /home/hamza/.config/nvim/bundle/csv.vim/ftdetect/csv.vim
087.195  000.137  000.137: sourcing /home/hamza/.config/nvim/bundle/vim-es6/ftdetect/es6.vim
087.664  000.162  000.162: sourcing /home/hamza/.config/nvim/bundle/tern_for_vim/ftdetect/tern.vim
087.915  000.107  000.107: sourcing /home/hamza/.config/nvim/bundle/ultisnips/ftdetect/snippets.vim
088.364  000.234  000.234: sourcing /home/hamza/.config/nvim/bundle/vim-markdown/ftdetect/markdown.vim
088.780  000.204  000.204: sourcing /home/hamza/.config/nvim/bundle/i3-vim-syntax/ftdetect/i3.vim
089.459  051.029  049.201: sourcing /usr/share/nvim/runtime/filetype.vim
090.482  000.134  000.134: sourcing /usr/share/nvim/runtime/ftplugin.vim
091.373  000.092  000.092: sourcing /usr/share/nvim/runtime/indent.vim
093.915  000.779  000.779: sourcing /usr/share/nvim/runtime/syntax/syncolor.vim
094.396  001.993  001.214: sourcing /usr/share/nvim/runtime/syntax/synload.vim
094.478  002.833  000.840: sourcing /usr/share/nvim/runtime/syntax/syntax.vim
094.517  088.904  027.291: sourcing /home/hamza/.config/nvim/plugins.vim
097.247  000.604  000.604: sourcing /usr/share/nvim/runtime/syntax/syncolor.vim
099.590  000.528  000.528: sourcing /usr/share/nvim/runtime/syntax/syncolor.vim
100.969  000.501  000.501: sourcing /usr/share/nvim/runtime/syntax/syncolor.vim
103.334  008.399  006.766: sourcing /home/hamza/.config/nvim/bundle/vim/colors/dracula.vim
121.219  026.642  018.243: sourcing /home/hamza/.config/nvim/general.vim
121.427  000.158  000.158: sourcing /home/hamza/.config/nvim/keybinds.vim
121.456  115.949  000.244: sourcing /home/hamza/.config/nvim/init.vim
121.462  000.298: sourcing vimrc file(s)
122.394  000.381  000.381: sourcing /home/hamza/.config/nvim/plugin/airline.vim
122.470  000.035  000.035: sourcing /home/hamza/.config/nvim/plugin/ale.vim
122.532  000.033  000.033: sourcing /home/hamza/.config/nvim/plugin/ctrlp.vim
122.857  000.290  000.290: sourcing /home/hamza/.config/nvim/plugin/deoplete.vim
122.923  000.032  000.032: sourcing /home/hamza/.config/nvim/plugin/nerdtree.vim
123.006  000.054  000.054: sourcing /home/hamza/.config/nvim/plugin/ultisnips.vim
123.050  000.011  000.011: sourcing /home/hamza/.config/nvim/plugin/vim-autoformat.vim
123.092  000.016  000.016: sourcing /home/hamza/.config/nvim/plugin/vim-css-color.vim
123.136  000.014  000.014: sourcing /home/hamza/.config/nvim/plugin/vim-gitgutter.vim
123.194  000.016  000.016: sourcing /home/hamza/.config/nvim/plugin/vim-indent-guides.vim
123.243  000.021  000.021: sourcing /home/hamza/.config/nvim/plugin/vim-multiple-cursors.vim
124.146  000.451  000.451: sourcing /home/hamza/.config/nvim/bundle/ctrlp.vim/autoload/ctrlp/mrufiles.vim
124.400  001.011  000.560: sourcing /home/hamza/.config/nvim/bundle/ctrlp.vim/plugin/ctrlp.vim
126.682  002.154  002.154: sourcing /home/hamza/.config/nvim/bundle/mru/plugin/mru.vim
127.494  000.707  000.707: sourcing /home/hamza/.config/nvim/bundle/vim-surround/plugin/surround.vim
127.847  000.234  000.234: sourcing /home/hamza/.config/nvim/bundle/vim-commentary/plugin/commentary.vim
128.449  000.508  000.508: sourcing /home/hamza/.config/nvim/bundle/auto-pairs/plugin/auto-pairs.vim
128.918  000.118  000.118: sourcing /home/hamza/.config/nvim/bundle/vim-bufferline/autoload/bufferline.vim
129.014  000.477  000.359: sourcing /home/hamza/.config/nvim/bundle/vim-bufferline/plugin/bufferline.vim
129.219  000.085  000.085: sourcing /home/hamza/.config/nvim/bundle/tabline.vim/plugin/tabline.vim
129.669  000.184  000.184: sourcing /home/hamza/.config/nvim/bundle/vim-airline/autoload/airline.vim
129.988  000.127  000.127: sourcing /home/hamza/.config/nvim/bundle/vim-airline/autoload/airline/init.vim
130.587  000.127  000.127: sourcing /home/hamza/.config/nvim/bundle/vim-airline/autoload/airline/parts.vim
131.598  002.278  001.841: sourcing /home/hamza/.config/nvim/bundle/vim-airline/plugin/airline.vim
135.858  004.147  004.147: sourcing /home/hamza/.config/nvim/bundle/vim-fugitive/plugin/fugitive.vim
136.217  000.264  000.264: sourcing /home/hamza/.config/nvim/bundle/ack.vim/plugin/ack.vim
136.358  000.057  000.057: sourcing /home/hamza/.config/nvim/bundle/gundo.vim/plugin/gundo.vim
137.034  000.188  000.188: sourcing /home/hamza/.config/nvim/bundle/ale/autoload/ale.vim
137.994  000.145  000.145: sourcing /home/hamza/.config/nvim/bundle/ale/autoload/ale/toggle.vim
138.328  001.895  001.561: sourcing /home/hamza/.config/nvim/bundle/ale/plugin/ale.vim
138.659  000.207  000.207: sourcing /home/hamza/.config/nvim/bundle/vim-autoformat/plugin/autoformat.vim
139.384  000.698  000.698: sourcing /home/hamza/.config/nvim/bundle/vim-autoformat/plugin/defaults.vim
139.440  000.026  000.026: sourcing /home/hamza/.config/nvim/bundle/vim-autoformat/plugin/utils.vim
139.800  000.253  000.253: sourcing /home/hamza/.config/nvim/bundle/vim-node/plugin/node.vim
140.003  000.119  000.119: sourcing /home/hamza/.config/nvim/bundle/csv.vim/plugin/csv.vim
149.669  009.564  009.564: sourcing /home/hamza/.config/nvim/bundle/c.vim/plugin/c.vim
150.095  000.335  000.335: sourcing /home/hamza/.config/nvim/bundle/vim-angular/plugin/angular.vim
150.559  000.222  000.222: sourcing /home/hamza/.config/nvim/bundle/vim-expand-region/autoload/expand_region.vim
150.642  000.452  000.230: sourcing /home/hamza/.config/nvim/bundle/vim-expand-region/plugin/expand_region.vim
150.864  000.150  000.150: sourcing /home/hamza/.config/nvim/bundle/vim-system-copy/plugin/system_copy.vim
151.374  000.443  000.443: sourcing /home/hamza/.config/nvim/bundle/vim-matchit/plugin/matchit.vim
151.548  000.102  000.102: sourcing /home/hamza/.config/nvim/bundle/vim-pasta/plugin/pasta.vim
151.968  000.179  000.179: sourcing /home/hamza/.config/nvim/bundle/vim-indent-guides/autoload/indent_guides.vim
152.250  000.622  000.444: sourcing /home/hamza/.config/nvim/bundle/vim-indent-guides/plugin/indent_guides.vim
152.399  000.086  000.086: sourcing /home/hamza/.config/nvim/bundle/zoomwin-vim/plugin/ZoomWinPlugin.vim
152.663  000.200  000.200: sourcing /home/hamza/.config/nvim/bundle/SingleCompile/plugin/SingleCompile.vim
152.932  000.057  000.057: sourcing /home/hamza/.config/nvim/bundle/deoplete.nvim/autoload/deoplete.vim
153.225  000.150  000.150: sourcing /home/hamza/.config/nvim/bundle/deoplete.nvim/autoload/deoplete/init.vim
153.267  000.544  000.337: sourcing /home/hamza/.config/nvim/bundle/deoplete.nvim/plugin/deoplete.vim
154.054  000.716  000.716: sourcing /home/hamza/.config/nvim/bundle/supertab/plugin/supertab.vim
154.186  000.056  000.056: sourcing /home/hamza/.config/nvim/bundle/neco-vim/plugin/necovim.vim
154.780  000.070  000.070: sourcing /usr/share/nvim/runtime/autoload/provider/pythonx.vim
183.229  000.237  000.237: sourcing /usr/share/nvim/runtime/autoload/remote/host.vim
183.336  028.847  028.539: sourcing /usr/share/nvim/runtime/autoload/provider/python3.vim
183.698  000.081  000.081: sourcing /home/hamza/.config/nvim/bundle/ultisnips/autoload/UltiSnips/map_keys.vim
183.796  029.555  000.627: sourcing /home/hamza/.config/nvim/bundle/ultisnips/plugin/UltiSnips.vim
183.919  000.041  000.041: sourcing /home/hamza/.config/nvim/bundle/vim-snippets/plugin/vimsnippets.vim
184.853  000.537  000.537: sourcing /home/hamza/.config/nvim/bundle/vim-gitgutter/autoload/gitgutter/utility.vim
185.502  000.270  000.270: sourcing /home/hamza/.config/nvim/bundle/vim-gitgutter/autoload/gitgutter/highlight.vim
186.330  002.350  001.543: sourcing /home/hamza/.config/nvim/bundle/vim-gitgutter/plugin/gitgutter.vim
186.689  000.282  000.282: sourcing /home/hamza/.config/nvim/bundle/vim-multiple-cursors/plugin/multiple_cursors.vim
187.707  000.402  000.402: sourcing /home/hamza/.config/nvim/bundle/nerdtree/autoload/nerdtree.vim
189.525  001.143  001.143: sourcing /home/hamza/.config/nvim/bundle/nerdtree/lib/nerdtree/path.vim
190.007  000.295  000.295: sourcing /home/hamza/.config/nvim/bundle/nerdtree/lib/nerdtree/menu_controller.vim
190.416  000.217  000.217: sourcing /home/hamza/.config/nvim/bundle/nerdtree/lib/nerdtree/menu_item.vim
190.816  000.229  000.229: sourcing /home/hamza/.config/nvim/bundle/nerdtree/lib/nerdtree/key_map.vim
191.255  000.269  000.269: sourcing /home/hamza/.config/nvim/bundle/nerdtree/lib/nerdtree/bookmark.vim
191.626  000.193  000.193: sourcing /home/hamza/.config/nvim/bundle/nerdtree/lib/nerdtree/tree_file_node.vim
192.117  000.313  000.313: sourcing /home/hamza/.config/nvim/bundle/nerdtree/lib/nerdtree/tree_dir_node.vim
192.467  000.168  000.168: sourcing /home/hamza/.config/nvim/bundle/nerdtree/lib/nerdtree/opener.vim
192.825  000.188  000.188: sourcing /home/hamza/.config/nvim/bundle/nerdtree/lib/nerdtree/creator.vim
193.032  000.038  000.038: sourcing /home/hamza/.config/nvim/bundle/nerdtree/lib/nerdtree/flag_set.vim
193.319  000.113  000.113: sourcing /home/hamza/.config/nvim/bundle/nerdtree/lib/nerdtree/nerdtree.vim
193.721  000.241  000.241: sourcing /home/hamza/.config/nvim/bundle/nerdtree/lib/nerdtree/ui.vim
193.907  000.022  000.022: sourcing /home/hamza/.config/nvim/bundle/nerdtree/lib/nerdtree/event.vim
194.114  000.039  000.039: sourcing /home/hamza/.config/nvim/bundle/nerdtree/lib/nerdtree/notifier.vim
194.674  000.364  000.364: sourcing /home/hamza/.config/nvim/bundle/nerdtree/autoload/nerdtree/ui_glue.vim
206.951  000.094  000.094: sourcing /home/hamza/.config/nvim/bundle/nerdtree/nerdtree_plugin/exec_menuitem.vim
207.382  000.407  000.407: sourcing /home/hamza/.config/nvim/bundle/nerdtree/nerdtree_plugin/fs_menu.vim
207.655  020.894  016.157: sourcing /home/hamza/.config/nvim/bundle/nerdtree/plugin/NERD_tree.vim
208.437  000.718  000.718: sourcing /home/hamza/.config/nvim/bundle/tagbar/plugin/tagbar.vim
265.394  056.580  056.580: sourcing /usr/share/nvim/runtime/autoload/provider/python.vim
265.498  056.978  000.398: sourcing /home/hamza/.config/nvim/bundle/MatchTagAlways/plugin/MatchTagAlways.vim
266.031  000.081  000.081: sourcing /usr/share/nvim/runtime/plugin/gui_shim.vim
266.364  000.305  000.305: sourcing /usr/share/nvim/runtime/plugin/gzip.vim
266.429  000.037  000.037: sourcing /usr/share/nvim/runtime/plugin/health.vim
266.539  000.077  000.077: sourcing /usr/share/nvim/runtime/plugin/man.vim
266.597  000.033  000.033: sourcing /usr/share/nvim/runtime/plugin/matchit.vim
266.846  000.229  000.229: sourcing /usr/share/nvim/runtime/plugin/matchparen.vim
267.474  000.602  000.602: sourcing /usr/share/nvim/runtime/plugin/netrwPlugin.vim
268.384  000.221  000.221: sourcing /usr/share/nvim/runtime/autoload/remote/define.vim
268.496  000.751  000.530: sourcing /home/hamza/.local/share/nvim/rplugin.vim
268.505  000.990  000.239: sourcing /usr/share/nvim/runtime/plugin/rplugin.vim
268.552  000.020  000.020: sourcing /usr/share/nvim/runtime/plugin/rrhelper.vim
268.707  000.130  000.130: sourcing /usr/share/nvim/runtime/plugin/shada.vim
268.779  000.035  000.035: sourcing /usr/share/nvim/runtime/plugin/spellfile.vim
269.001  000.184  000.184: sourcing /usr/share/nvim/runtime/plugin/tarPlugin.vim
269.134  000.102  000.102: sourcing /usr/share/nvim/runtime/plugin/tohtml.vim
269.204  000.030  000.030: sourcing /usr/share/nvim/runtime/plugin/tutor.vim
269.448  000.213  000.213: sourcing /usr/share/nvim/runtime/plugin/zipPlugin.vim
269.462  004.823: loading plugins
269.569  000.107: loading packages
269.785  000.056  000.056: sourcing /home/hamza/.config/nvim/bundle/ale/after/plugin/ale.vim
270.038  000.139  000.139: sourcing /home/hamza/.config/nvim/bundle/ultisnips/after/plugin/UltiSnips_after.vim
270.118  000.353: loading after plugins
270.135  000.017: inits 3
273.126  002.991: reading ShaDa
273.959  000.833: clearing screen
274.807  000.279  000.279: sourcing /home/hamza/.config/nvim/bundle/vim-airline/autoload/airline/extensions.vim
275.199  000.263  000.263: sourcing /home/hamza/.config/nvim/bundle/vim-airline/autoload/airline/extensions/branch.vim
275.549  000.165  000.165: sourcing /home/hamza/.config/nvim/bundle/vim-airline/autoload/airline/extensions/tabline.vim
275.746  000.065  000.065: sourcing /home/hamza/.config/nvim/bundle/vim-airline/autoload/airline/extensions/tabline/autoshow.vim
276.026  000.105  000.105: sourcing /home/hamza/.config/nvim/bundle/vim-airline/autoload/airline/extensions/tabline/tabs.vim
276.358  000.189  000.189: sourcing /home/hamza/.config/nvim/bundle/vim-airline/autoload/airline/extensions/tabline/buffers.vim
276.602  000.069  000.069: sourcing /home/hamza/.config/nvim/bundle/vim-airline/autoload/airline/extensions/tagbar.vim
276.915  000.143  000.143: sourcing /home/hamza/.config/nvim/bundle/vim-airline/autoload/airline/extensions/whitespace.vim
277.183  000.088  000.088: sourcing /home/hamza/.config/nvim/bundle/vim-airline/autoload/airline/extensions/ale.vim
277.497  000.107  000.107: sourcing /home/hamza/.config/nvim/bundle/vim-airline/autoload/airline/section.vim
277.912  000.220  000.220: sourcing /home/hamza/.config/nvim/bundle/vim-airline/autoload/airline/highlighter.vim
280.177  000.073  000.073: sourcing /home/hamza/.config/nvim/bundle/vim-airline/autoload/airline/themes.vim
280.855  000.082  000.082: sourcing /home/hamza/.config/nvim/bundle/vim-airline/autoload/airline/extensions/ctrlp.vim
280.888  000.962  000.807: sourcing /home/hamza/.config/nvim/bundle/vim/autoload/airline/themes/dracula.vim
290.708  000.123  000.123: sourcing /home/hamza/.config/nvim/bundle/vim-airline/autoload/airline/util.vim
294.920  000.186  000.186: sourcing /home/hamza/.config/nvim/bundle/vim-airline/autoload/airline/builder.vim
295.411  000.127  000.127: sourcing /home/hamza/.config/nvim/bundle/vim-airline/autoload/airline/extensions/default.vim
302.792  000.152  000.152: sourcing /home/hamza/.config/nvim/bundle/ale/autoload/ale/statusline.vim
348.033  000.408  000.408: sourcing /home/hamza/.config/nvim/bundle/ale/autoload/ale/util.vim
348.816  000.379  000.379: sourcing /home/hamza/.config/nvim/bundle/ale/autoload/ale/linter.vim
348.945  070.954: opening buffers
349.968  000.064  000.064: sourcing /home/hamza/.config/nvim/bundle/ale/autoload/ale/pattern_options.vim
350.194  000.089  000.089: sourcing /home/hamza/.config/nvim/bundle/ale/autoload/ale/events.vim
350.754  000.115  000.115: sourcing /home/hamza/.config/nvim/bundle/vim-gitgutter/autoload/gitgutter.vim
350.883  001.671: BufEnter autocommands
350.887  000.004: editing files in windows
371.296  002.257  002.257: sourcing /home/hamza/.config/nvim/bundle/tagbar/autoload/tagbar.vim
371.705  000.086  000.086: sourcing /home/hamza/.config/nvim/bundle/tagbar/autoload/tagbar/debug.vim
389.085  000.440  000.440: sourcing /home/hamza/.config/nvim/bundle/tagbar/autoload/tagbar/types/ctags.vim
389.479  000.061  000.061: sourcing /home/hamza/.config/nvim/bundle/tagbar/autoload/tagbar/prototypes/typeinfo.vim
414.582  000.583  000.583: sourcing /home/hamza/.config/nvim/bundle/vim-indent-guides/autoload/color_helper.vim
418.270  000.298  000.298: sourcing /home/hamza/.config/nvim/bundle/deoplete.nvim/autoload/deoplete/util.vim
527.374  000.104  000.104: sourcing /usr/share/nvim/runtime/autoload/provider.vim
528.033  000.104  000.104: sourcing /home/hamza/.config/nvim/bundle/deoplete.nvim/autoload/deoplete/mapping.vim
528.399  000.158  000.158: sourcing /home/hamza/.config/nvim/bundle/deoplete.nvim/autoload/deoplete/handler.vim
528.674  173.695: VimEnter autocommands
528.679  000.005: before starting main loop
528.879  000.107  000.107: sourcing /home/hamza/.config/nvim/bundle/ale/autoload/ale/cursor.vim
529.430  000.124  000.124: sourcing /home/hamza/.config/nvim/bundle/vim-airline/autoload/airline/extensions/tabline/ctrlspace.vim
529.848  000.027  000.027: sourcing /home/hamza/.config/nvim/bundle/vim-airline/autoload/airline/extensions/tabline/formatters/tabnr.vim
534.664  000.060  000.060: sourcing /home/hamza/.config/nvim/bundle/vim-airline/autoload/airline/extensions/tabline/buflist.vim
534.904  000.053  000.053: sourcing /home/hamza/.config/nvim/bundle/vim-airline/autoload/airline/extensions/tabline/formatters/default.vim
538.514  009.465: first screen update
538.518  000.004: --- NVIM STARTED ---
