

times in msec
 clock   self+sourced   self:  sourced script
 clock   elapsed:              other lines

000.011  000.011: --- NVIM STARTING ---
000.188  000.177: locale set
000.475  000.287: inits 1
000.481  000.006: window checked
000.588  000.107: parsing arguments
000.590  000.001: expanding arguments
000.627  000.038: inits 2
000.886  000.258: init highlight
002.099  001.108  001.108: sourcing /home/hamza/.local/share/nvim/site/autoload/plug.vim
018.184  000.071  000.071: sourcing /home/hamza/.config/nvim/bundle/vim-javascript/ftdetect/javascript.vim
018.319  000.094  000.094: sourcing /home/hamza/.config/nvim/bundle/vim-json/ftdetect/json.vim
018.379  000.027  000.027: sourcing /home/hamza/.config/nvim/bundle/vim-node/ftdetect/node.vim
018.525  000.099  000.099: sourcing /home/hamza/.config/nvim/bundle/csv.vim/ftdetect/csv.vim
018.595  000.029  000.029: sourcing /home/hamza/.config/nvim/bundle/vim-es6/ftdetect/es6.vim
018.764  000.048  000.048: sourcing /home/hamza/.config/nvim/bundle/tern_for_vim/ftdetect/tern.vim
018.850  000.036  000.036: sourcing /home/hamza/.config/nvim/bundle/ultisnips/ftdetect/snippets.vim
019.042  000.084  000.084: sourcing /home/hamza/.config/nvim/bundle/vim-markdown/ftdetect/markdown.vim
019.242  000.086  000.086: sourcing /home/hamza/.config/nvim/bundle/i3-vim-syntax/ftdetect/i3.vim
019.510  012.869  012.295: sourcing /usr/share/nvim/runtime/filetype.vim
019.893  000.042  000.042: sourcing /usr/share/nvim/runtime/ftplugin.vim
020.239  000.061  000.061: sourcing /usr/share/nvim/runtime/indent.vim
021.214  000.213  000.213: sourcing /usr/share/nvim/runtime/syntax/syncolor.vim
021.401  000.681  000.468: sourcing /usr/share/nvim/runtime/syntax/synload.vim
021.432  001.043  000.362: sourcing /usr/share/nvim/runtime/syntax/syntax.vim
021.449  020.494  005.371: sourcing /home/hamza/.config/nvim/plugins.vim
022.266  000.167  000.167: sourcing /usr/share/nvim/runtime/syntax/syncolor.vim
022.880  000.137  000.137: sourcing /usr/share/nvim/runtime/syntax/syncolor.vim
023.266  000.134  000.134: sourcing /usr/share/nvim/runtime/syntax/syncolor.vim
023.876  002.293  001.856: sourcing /home/hamza/.config/nvim/bundle/vim/colors/dracula.vim
029.507  008.035  005.741: sourcing /home/hamza/.config/nvim/general.vim
029.604  000.068  000.068: sourcing /home/hamza/.config/nvim/keybinds.vim
029.621  028.684  000.087: sourcing /home/hamza/.config/nvim/init.vim
029.624  000.054: sourcing vimrc file(s)
030.000  000.145  000.145: sourcing /home/hamza/.config/nvim/plugin/airline.vim
030.040  000.028  000.028: sourcing /home/hamza/.config/nvim/plugin/ale.vim
030.067  000.013  000.013: sourcing /home/hamza/.config/nvim/plugin/ctrlp.vim
030.211  000.133  000.133: sourcing /home/hamza/.config/nvim/plugin/deoplete.vim
030.236  000.011  000.011: sourcing /home/hamza/.config/nvim/plugin/nerdtree.vim
030.268  000.021  000.021: sourcing /home/hamza/.config/nvim/plugin/ultisnips.vim
030.285  000.004  000.004: sourcing /home/hamza/.config/nvim/plugin/vim-autoformat.vim
030.304  000.006  000.006: sourcing /home/hamza/.config/nvim/plugin/vim-css-color.vim
030.321  000.006  000.006: sourcing /home/hamza/.config/nvim/plugin/vim-gitgutter.vim
030.338  000.006  000.006: sourcing /home/hamza/.config/nvim/plugin/vim-indent-guides.vim
030.359  000.009  000.009: sourcing /home/hamza/.config/nvim/plugin/vim-multiple-cursors.vim
030.723  000.179  000.179: sourcing /home/hamza/.config/nvim/bundle/ctrlp.vim/autoload/ctrlp/mrufiles.vim
030.824  000.408  000.229: sourcing /home/hamza/.config/nvim/bundle/ctrlp.vim/plugin/ctrlp.vim
032.271  001.396  001.396: sourcing /home/hamza/.config/nvim/bundle/mru/plugin/mru.vim
032.861  000.434  000.434: sourcing /home/hamza/.config/nvim/bundle/vim-surround/plugin/surround.vim
033.116  000.170  000.170: sourcing /home/hamza/.config/nvim/bundle/vim-commentary/plugin/commentary.vim
033.518  000.354  000.354: sourcing /home/hamza/.config/nvim/bundle/auto-pairs/plugin/auto-pairs.vim
033.778  000.063  000.063: sourcing /home/hamza/.config/nvim/bundle/vim-bufferline/autoload/bufferline.vim
033.839  000.270  000.207: sourcing /home/hamza/.config/nvim/bundle/vim-bufferline/plugin/bufferline.vim
033.944  000.036  000.036: sourcing /home/hamza/.config/nvim/bundle/tabline.vim/plugin/tabline.vim
034.191  000.094  000.094: sourcing /home/hamza/.config/nvim/bundle/vim-airline/autoload/airline.vim
034.357  000.069  000.069: sourcing /home/hamza/.config/nvim/bundle/vim-airline/autoload/airline/init.vim
034.672  000.068  000.068: sourcing /home/hamza/.config/nvim/bundle/vim-airline/autoload/airline/parts.vim
035.227  001.229  000.998: sourcing /home/hamza/.config/nvim/bundle/vim-airline/plugin/airline.vim
035.303  000.015  000.015: sourcing /home/hamza/.config/nvim/bundle/vim-airline-themes/plugin/airline-themes.vim
037.750  002.393  002.393: sourcing /home/hamza/.config/nvim/bundle/vim-fugitive/plugin/fugitive.vim
037.945  000.137  000.137: sourcing /home/hamza/.config/nvim/bundle/ack.vim/plugin/ack.vim
038.052  000.055  000.055: sourcing /home/hamza/.config/nvim/bundle/gundo.vim/plugin/gundo.vim
038.502  000.124  000.124: sourcing /home/hamza/.config/nvim/bundle/ale/autoload/ale.vim
039.164  000.092  000.092: sourcing /home/hamza/.config/nvim/bundle/ale/autoload/ale/toggle.vim
039.362  001.259  001.043: sourcing /home/hamza/.config/nvim/bundle/ale/plugin/ale.vim
039.580  000.143  000.143: sourcing /home/hamza/.config/nvim/bundle/vim-autoformat/plugin/autoformat.vim
040.044  000.444  000.444: sourcing /home/hamza/.config/nvim/bundle/vim-autoformat/plugin/defaults.vim
040.081  000.017  000.017: sourcing /home/hamza/.config/nvim/bundle/vim-autoformat/plugin/utils.vim
040.320  000.170  000.170: sourcing /home/hamza/.config/nvim/bundle/vim-node/plugin/node.vim
040.449  000.077  000.077: sourcing /home/hamza/.config/nvim/bundle/csv.vim/plugin/csv.vim
047.743  007.237  007.237: sourcing /home/hamza/.config/nvim/bundle/c.vim/plugin/c.vim
048.087  000.270  000.270: sourcing /home/hamza/.config/nvim/bundle/vim-angular/plugin/angular.vim
048.431  000.173  000.173: sourcing /home/hamza/.config/nvim/bundle/vim-expand-region/autoload/expand_region.vim
048.495  000.352  000.179: sourcing /home/hamza/.config/nvim/bundle/vim-expand-region/plugin/expand_region.vim
048.664  000.115  000.115: sourcing /home/hamza/.config/nvim/bundle/vim-system-copy/plugin/system_copy.vim
049.096  000.378  000.378: sourcing /home/hamza/.config/nvim/bundle/vim-matchit/plugin/matchit.vim
049.260  000.080  000.080: sourcing /home/hamza/.config/nvim/bundle/vim-pasta/plugin/pasta.vim
049.555  000.115  000.115: sourcing /home/hamza/.config/nvim/bundle/vim-indent-guides/autoload/indent_guides.vim
049.784  000.473  000.358: sourcing /home/hamza/.config/nvim/bundle/vim-indent-guides/plugin/indent_guides.vim
049.906  000.070  000.070: sourcing /home/hamza/.config/nvim/bundle/zoomwin-vim/plugin/ZoomWinPlugin.vim
050.155  000.191  000.191: sourcing /home/hamza/.config/nvim/bundle/SingleCompile/plugin/SingleCompile.vim
050.385  000.047  000.047: sourcing /home/hamza/.config/nvim/bundle/deoplete.nvim/autoload/deoplete.vim
050.617  000.111  000.111: sourcing /home/hamza/.config/nvim/bundle/deoplete.nvim/autoload/deoplete/init.vim
050.658  000.447  000.290: sourcing /home/hamza/.config/nvim/bundle/deoplete.nvim/plugin/deoplete.vim
051.311  000.601  000.601: sourcing /home/hamza/.config/nvim/bundle/supertab/plugin/supertab.vim
051.414  000.039  000.039: sourcing /home/hamza/.config/nvim/bundle/neco-vim/plugin/necovim.vim
051.922  000.060  000.060: sourcing /usr/share/nvim/runtime/autoload/provider/pythonx.vim
075.350  000.172  000.172: sourcing /usr/share/nvim/runtime/autoload/remote/host.vim
075.441  023.769  023.537: sourcing /usr/share/nvim/runtime/autoload/provider/python3.vim
075.740  000.066  000.066: sourcing /home/hamza/.config/nvim/bundle/ultisnips/autoload/UltiSnips/map_keys.vim
075.818  024.359  000.524: sourcing /home/hamza/.config/nvim/bundle/ultisnips/plugin/UltiSnips.vim
075.920  000.033  000.033: sourcing /home/hamza/.config/nvim/bundle/vim-snippets/plugin/vimsnippets.vim
076.676  000.437  000.437: sourcing /home/hamza/.config/nvim/bundle/vim-gitgutter/autoload/gitgutter/utility.vim
077.197  000.217  000.217: sourcing /home/hamza/.config/nvim/bundle/vim-gitgutter/autoload/gitgutter/highlight.vim
077.841  001.873  001.220: sourcing /home/hamza/.config/nvim/bundle/vim-gitgutter/plugin/gitgutter.vim
078.201  000.299  000.299: sourcing /home/hamza/.config/nvim/bundle/vim-multiple-cursors/plugin/multiple_cursors.vim
078.971  000.307  000.307: sourcing /home/hamza/.config/nvim/bundle/nerdtree/autoload/nerdtree.vim
080.381  000.882  000.882: sourcing /home/hamza/.config/nvim/bundle/nerdtree/lib/nerdtree/path.vim
080.746  000.220  000.220: sourcing /home/hamza/.config/nvim/bundle/nerdtree/lib/nerdtree/menu_controller.vim
081.051  000.171  000.171: sourcing /home/hamza/.config/nvim/bundle/nerdtree/lib/nerdtree/menu_item.vim
081.358  000.177  000.177: sourcing /home/hamza/.config/nvim/bundle/nerdtree/lib/nerdtree/key_map.vim
081.698  000.210  000.210: sourcing /home/hamza/.config/nvim/bundle/nerdtree/lib/nerdtree/bookmark.vim
081.976  000.141  000.141: sourcing /home/hamza/.config/nvim/bundle/nerdtree/lib/nerdtree/tree_file_node.vim
082.414  000.245  000.245: sourcing /home/hamza/.config/nvim/bundle/nerdtree/lib/nerdtree/tree_dir_node.vim
082.672  000.129  000.129: sourcing /home/hamza/.config/nvim/bundle/nerdtree/lib/nerdtree/opener.vim
082.938  000.137  000.137: sourcing /home/hamza/.config/nvim/bundle/nerdtree/lib/nerdtree/creator.vim
083.126  000.035  000.035: sourcing /home/hamza/.config/nvim/bundle/nerdtree/lib/nerdtree/flag_set.vim
083.348  000.092  000.092: sourcing /home/hamza/.config/nvim/bundle/nerdtree/lib/nerdtree/nerdtree.vim
083.667  000.195  000.195: sourcing /home/hamza/.config/nvim/bundle/nerdtree/lib/nerdtree/ui.vim
083.812  000.019  000.019: sourcing /home/hamza/.config/nvim/bundle/nerdtree/lib/nerdtree/event.vim
083.969  000.028  000.028: sourcing /home/hamza/.config/nvim/bundle/nerdtree/lib/nerdtree/notifier.vim
084.392  000.275  000.275: sourcing /home/hamza/.config/nvim/bundle/nerdtree/autoload/nerdtree/ui_glue.vim
094.181  000.075  000.075: sourcing /home/hamza/.config/nvim/bundle/nerdtree/nerdtree_plugin/exec_menuitem.vim
094.504  000.304  000.304: sourcing /home/hamza/.config/nvim/bundle/nerdtree/nerdtree_plugin/fs_menu.vim
094.748  016.491  012.848: sourcing /home/hamza/.config/nvim/bundle/nerdtree/plugin/NERD_tree.vim
095.360  000.564  000.564: sourcing /home/hamza/.config/nvim/bundle/tagbar/plugin/tagbar.vim
137.799  042.181  042.181: sourcing /usr/share/nvim/runtime/autoload/provider/python.vim
137.871  042.449  000.268: sourcing /home/hamza/.config/nvim/bundle/MatchTagAlways/plugin/MatchTagAlways.vim
138.267  000.038  000.038: sourcing /usr/share/nvim/runtime/plugin/gui_shim.vim
138.488  000.205  000.205: sourcing /usr/share/nvim/runtime/plugin/gzip.vim
138.528  000.024  000.024: sourcing /usr/share/nvim/runtime/plugin/health.vim
138.599  000.053  000.053: sourcing /usr/share/nvim/runtime/plugin/man.vim
138.633  000.018  000.018: sourcing /usr/share/nvim/runtime/plugin/matchit.vim
138.793  000.147  000.147: sourcing /usr/share/nvim/runtime/plugin/matchparen.vim
139.196  000.385  000.385: sourcing /usr/share/nvim/runtime/plugin/netrwPlugin.vim
139.789  000.142  000.142: sourcing /usr/share/nvim/runtime/autoload/remote/define.vim
139.861  000.483  000.341: sourcing /home/hamza/.local/share/nvim/rplugin.vim
139.867  000.642  000.159: sourcing /usr/share/nvim/runtime/plugin/rplugin.vim
139.897  000.013  000.013: sourcing /usr/share/nvim/runtime/plugin/rrhelper.vim
139.998  000.085  000.085: sourcing /usr/share/nvim/runtime/plugin/shada.vim
140.051  000.023  000.023: sourcing /usr/share/nvim/runtime/plugin/spellfile.vim
140.200  000.123  000.123: sourcing /usr/share/nvim/runtime/plugin/tarPlugin.vim
140.287  000.067  000.067: sourcing /usr/share/nvim/runtime/plugin/tohtml.vim
140.327  000.021  000.021: sourcing /usr/share/nvim/runtime/plugin/tutor.vim
140.482  000.137  000.137: sourcing /usr/share/nvim/runtime/plugin/zipPlugin.vim
140.491  003.175: loading plugins
140.562  000.070: loading packages
140.704  000.038  000.038: sourcing /home/hamza/.config/nvim/bundle/ale/after/plugin/ale.vim
140.889  000.093  000.093: sourcing /home/hamza/.config/nvim/bundle/ultisnips/after/plugin/UltiSnips_after.vim
140.928  000.236: loading after plugins
140.939  000.011: inits 3
142.782  001.843: reading ShaDa
143.422  000.640: clearing screen
144.074  000.223  000.223: sourcing /home/hamza/.config/nvim/bundle/vim-airline/autoload/airline/extensions.vim
144.204  000.045  000.045: sourcing /home/hamza/.config/nvim/bundle/vim-airline/autoload/airline/extensions/quickfix.vim
144.348  000.029  000.029: sourcing /home/hamza/.config/nvim/bundle/vim-airline/autoload/airline/extensions/netrw.vim
144.493  000.052  000.052: sourcing /home/hamza/.config/nvim/bundle/vim-airline/autoload/airline/extensions/ctrlp.vim
144.650  000.057  000.057: sourcing /home/hamza/.config/nvim/bundle/vim-airline/autoload/airline/extensions/hunks.vim
144.827  000.064  000.064: sourcing /home/hamza/.config/nvim/bundle/vim-airline/autoload/airline/extensions/tagbar.vim
144.948  000.029  000.029: sourcing /home/hamza/.config/nvim/bundle/vim-airline/autoload/airline/extensions/csv.vim
145.198  000.155  000.155: sourcing /home/hamza/.config/nvim/bundle/vim-airline/autoload/airline/extensions/branch.vim
145.361  000.051  000.051: sourcing /home/hamza/.config/nvim/bundle/vim-airline/autoload/airline/extensions/fugitiveline.vim
145.533  000.058  000.058: sourcing /home/hamza/.config/nvim/bundle/vim-airline/autoload/airline/extensions/ale.vim
145.763  000.096  000.096: sourcing /home/hamza/.config/nvim/bundle/vim-airline/autoload/airline/extensions/whitespace.vim
145.919  000.031  000.031: sourcing /home/hamza/.config/nvim/bundle/vim-airline/autoload/airline/extensions/po.vim
146.059  000.052  000.052: sourcing /home/hamza/.config/nvim/bundle/vim-airline/autoload/airline/extensions/wordcount.vim
146.264  000.109  000.109: sourcing /home/hamza/.config/nvim/bundle/vim-airline/autoload/airline/extensions/tabline.vim
146.386  000.039  000.039: sourcing /home/hamza/.config/nvim/bundle/vim-airline/autoload/airline/extensions/tabline/autoshow.vim
146.557  000.068  000.068: sourcing /home/hamza/.config/nvim/bundle/vim-airline/autoload/airline/extensions/tabline/tabs.vim
146.773  000.131  000.131: sourcing /home/hamza/.config/nvim/bundle/vim-airline/autoload/airline/extensions/tabline/buffers.vim
146.936  000.022  000.022: sourcing /home/hamza/.config/nvim/bundle/vim-airline/autoload/airline/extensions/keymap.vim
149.005  000.053  000.053: sourcing /home/hamza/.config/nvim/bundle/vim-airline/autoload/airline/section.vim
149.335  000.160  000.160: sourcing /home/hamza/.config/nvim/bundle/vim-airline/autoload/airline/highlighter.vim
150.760  000.040  000.040: sourcing /home/hamza/.config/nvim/bundle/vim-airline/autoload/airline/themes.vim
151.120  000.516  000.475: sourcing /home/hamza/.config/nvim/bundle/vim/autoload/airline/themes/dracula.vim
157.041  000.070  000.070: sourcing /home/hamza/.config/nvim/bundle/vim-airline/autoload/airline/util.vim
160.764  000.102  000.102: sourcing /home/hamza/.config/nvim/bundle/vim-airline/autoload/airline/builder.vim
161.090  000.070  000.070: sourcing /home/hamza/.config/nvim/bundle/vim-airline/autoload/airline/extensions/default.vim
165.161  000.055  000.055: sourcing /home/hamza/.config/nvim/bundle/ale/autoload/ale/statusline.vim
177.644  000.175  000.175: sourcing /home/hamza/.config/nvim/bundle/ale/autoload/ale/util.vim
178.063  000.218  000.218: sourcing /home/hamza/.config/nvim/bundle/ale/autoload/ale/linter.vim
178.135  031.985: opening buffers
178.748  000.039  000.039: sourcing /home/hamza/.config/nvim/bundle/ale/autoload/ale/pattern_options.vim
178.872  000.043  000.043: sourcing /home/hamza/.config/nvim/bundle/ale/autoload/ale/events.vim
179.196  000.070  000.070: sourcing /home/hamza/.config/nvim/bundle/vim-gitgutter/autoload/gitgutter.vim
179.505  000.114  000.114: sourcing /home/hamza/.config/nvim/bundle/vim-gitgutter/autoload/gitgutter/sign.vim
179.964  000.143  000.143: sourcing /home/hamza/.config/nvim/bundle/vim-gitgutter/autoload/gitgutter/hunk.vim
180.065  001.521: BufEnter autocommands
180.083  000.018: editing files in windows
193.841  001.289  001.289: sourcing /home/hamza/.config/nvim/bundle/tagbar/autoload/tagbar.vim
194.082  000.051  000.051: sourcing /home/hamza/.config/nvim/bundle/tagbar/autoload/tagbar/debug.vim
205.673  000.276  000.276: sourcing /home/hamza/.config/nvim/bundle/tagbar/autoload/tagbar/types/ctags.vim
205.920  000.061  000.061: sourcing /home/hamza/.config/nvim/bundle/tagbar/autoload/tagbar/prototypes/typeinfo.vim
220.744  000.224  000.224: sourcing /home/hamza/.config/nvim/bundle/vim-indent-guides/autoload/color_helper.vim
222.358  000.158  000.158: sourcing /home/hamza/.config/nvim/bundle/deoplete.nvim/autoload/deoplete/util.vim
301.911  000.079  000.079: sourcing /usr/share/nvim/runtime/autoload/provider.vim
302.399  000.089  000.089: sourcing /home/hamza/.config/nvim/bundle/deoplete.nvim/autoload/deoplete/mapping.vim
302.671  000.116  000.116: sourcing /home/hamza/.config/nvim/bundle/deoplete.nvim/autoload/deoplete/handler.vim
302.910  120.485: VimEnter autocommands
302.914  000.004: before starting main loop
303.074  000.083  000.083: sourcing /home/hamza/.config/nvim/bundle/ale/autoload/ale/cursor.vim
303.537  000.090  000.090: sourcing /home/hamza/.config/nvim/bundle/vim-airline/autoload/airline/extensions/tabline/ctrlspace.vim
303.842  000.021  000.021: sourcing /home/hamza/.config/nvim/bundle/vim-airline/autoload/airline/extensions/tabline/formatters/tabnr.vim
308.333  000.033  000.033: sourcing /home/hamza/.config/nvim/bundle/vim-airline/autoload/airline/extensions/tabline/buflist.vim
308.503  000.041  000.041: sourcing /home/hamza/.config/nvim/bundle/vim-airline/autoload/airline/extensions/tabline/formatters/default.vim
312.033  008.852: first screen update
312.036  000.004: --- NVIM STARTED ---


times in msec
 clock   self+sourced   self:  sourced script
 clock   elapsed:              other lines

000.061  000.061: --- NVIM STARTING ---
000.951  000.889: locale set
002.533  001.582: inits 1
002.568  000.036: window checked
003.195  000.627: parsing arguments
003.205  000.010: expanding arguments
003.404  000.199: inits 2
005.044  001.640: init highlight
012.522  006.883  006.883: sourcing /home/hamza/.local/share/nvim/site/autoload/plug.vim
111.986  000.425  000.425: sourcing /home/hamza/.config/nvim/bundle/vim-javascript/ftdetect/javascript.vim
112.745  000.508  000.508: sourcing /home/hamza/.config/nvim/bundle/vim-json/ftdetect/json.vim
113.114  000.162  000.162: sourcing /home/hamza/.config/nvim/bundle/vim-node/ftdetect/node.vim
113.754  000.452  000.452: sourcing /home/hamza/.config/nvim/bundle/csv.vim/ftdetect/csv.vim
114.167  000.156  000.156: sourcing /home/hamza/.config/nvim/bundle/vim-es6/ftdetect/es6.vim
114.596  000.121  000.121: sourcing /home/hamza/.config/nvim/bundle/tern_for_vim/ftdetect/tern.vim
114.789  000.082  000.082: sourcing /home/hamza/.config/nvim/bundle/ultisnips/ftdetect/snippets.vim
115.136  000.168  000.168: sourcing /home/hamza/.config/nvim/bundle/vim-markdown/ftdetect/markdown.vim
115.459  000.160  000.160: sourcing /home/hamza/.config/nvim/bundle/i3-vim-syntax/ftdetect/i3.vim
115.980  071.390  069.154: sourcing /usr/share/nvim/runtime/filetype.vim
116.708  000.099  000.099: sourcing /usr/share/nvim/runtime/ftplugin.vim
117.416  000.078  000.078: sourcing /usr/share/nvim/runtime/indent.vim
119.553  000.736  000.736: sourcing /usr/share/nvim/runtime/syntax/syncolor.vim
119.982  001.743  001.007: sourcing /usr/share/nvim/runtime/syntax/synload.vim
120.057  002.401  000.658: sourcing /usr/share/nvim/runtime/syntax/syntax.vim
120.091  114.652  033.801: sourcing /home/hamza/.config/nvim/plugins.vim
122.276  000.480  000.480: sourcing /usr/share/nvim/runtime/syntax/syncolor.vim
123.967  000.345  000.345: sourcing /usr/share/nvim/runtime/syntax/syncolor.vim
124.812  000.309  000.309: sourcing /usr/share/nvim/runtime/syntax/syncolor.vim
126.212  005.786  004.651: sourcing /home/hamza/.config/nvim/bundle/vim/colors/dracula.vim
137.218  017.074  011.289: sourcing /home/hamza/.config/nvim/general.vim
137.360  000.110  000.110: sourcing /home/hamza/.config/nvim/keybinds.vim
137.381  132.055  000.218: sourcing /home/hamza/.config/nvim/init.vim
137.386  000.286: sourcing vimrc file(s)
138.048  000.264  000.264: sourcing /home/hamza/.config/nvim/plugin/airline.vim
138.096  000.024  000.024: sourcing /home/hamza/.config/nvim/plugin/ale.vim
138.143  000.024  000.024: sourcing /home/hamza/.config/nvim/plugin/ctrlp.vim
138.380  000.214  000.214: sourcing /home/hamza/.config/nvim/plugin/deoplete.vim
138.422  000.020  000.020: sourcing /home/hamza/.config/nvim/plugin/nerdtree.vim
138.478  000.036  000.036: sourcing /home/hamza/.config/nvim/plugin/ultisnips.vim
138.510  000.008  000.008: sourcing /home/hamza/.config/nvim/plugin/vim-autoformat.vim
138.539  000.011  000.011: sourcing /home/hamza/.config/nvim/plugin/vim-css-color.vim
138.571  000.010  000.010: sourcing /home/hamza/.config/nvim/plugin/vim-gitgutter.vim
138.600  000.010  000.010: sourcing /home/hamza/.config/nvim/plugin/vim-indent-guides.vim
138.635  000.015  000.015: sourcing /home/hamza/.config/nvim/plugin/vim-multiple-cursors.vim
139.276  000.318  000.318: sourcing /home/hamza/.config/nvim/bundle/ctrlp.vim/autoload/ctrlp/mrufiles.vim
139.455  000.725  000.407: sourcing /home/hamza/.config/nvim/bundle/ctrlp.vim/plugin/ctrlp.vim
141.425  001.872  001.872: sourcing /home/hamza/.config/nvim/bundle/mru/plugin/mru.vim
142.042  000.538  000.538: sourcing /home/hamza/.config/nvim/bundle/vim-surround/plugin/surround.vim
142.305  000.176  000.176: sourcing /home/hamza/.config/nvim/bundle/vim-commentary/plugin/commentary.vim
142.746  000.375  000.375: sourcing /home/hamza/.config/nvim/bundle/auto-pairs/plugin/auto-pairs.vim
143.112  000.091  000.091: sourcing /home/hamza/.config/nvim/bundle/vim-bufferline/autoload/bufferline.vim
143.196  000.381  000.290: sourcing /home/hamza/.config/nvim/bundle/vim-bufferline/plugin/bufferline.vim
144.516  000.068  000.068: sourcing /home/hamza/.config/nvim/bundle/tabline.vim/plugin/tabline.vim
144.872  000.139  000.139: sourcing /home/hamza/.config/nvim/bundle/vim-airline/autoload/airline.vim
145.129  000.106  000.106: sourcing /home/hamza/.config/nvim/bundle/vim-airline/autoload/airline/init.vim
145.566  000.099  000.099: sourcing /home/hamza/.config/nvim/bundle/vim-airline/autoload/airline/parts.vim
146.296  001.695  001.350: sourcing /home/hamza/.config/nvim/bundle/vim-airline/plugin/airline.vim
149.782  003.401  003.401: sourcing /home/hamza/.config/nvim/bundle/vim-fugitive/plugin/fugitive.vim
150.090  000.210  000.210: sourcing /home/hamza/.config/nvim/bundle/ack.vim/plugin/ack.vim
150.216  000.047  000.047: sourcing /home/hamza/.config/nvim/bundle/gundo.vim/plugin/gundo.vim
150.795  000.156  000.156: sourcing /home/hamza/.config/nvim/bundle/ale/autoload/ale.vim
151.594  000.114  000.114: sourcing /home/hamza/.config/nvim/bundle/ale/autoload/ale/toggle.vim
151.849  001.553  001.283: sourcing /home/hamza/.config/nvim/bundle/ale/plugin/ale.vim
152.167  000.199  000.199: sourcing /home/hamza/.config/nvim/bundle/vim-autoformat/plugin/autoformat.vim
152.731  000.539  000.539: sourcing /home/hamza/.config/nvim/bundle/vim-autoformat/plugin/defaults.vim
152.776  000.022  000.022: sourcing /home/hamza/.config/nvim/bundle/vim-autoformat/plugin/utils.vim
153.075  000.209  000.209: sourcing /home/hamza/.config/nvim/bundle/vim-node/plugin/node.vim
153.234  000.092  000.092: sourcing /home/hamza/.config/nvim/bundle/csv.vim/plugin/csv.vim
162.001  008.692  008.692: sourcing /home/hamza/.config/nvim/bundle/c.vim/plugin/c.vim
162.372  000.289  000.289: sourcing /home/hamza/.config/nvim/bundle/vim-angular/plugin/angular.vim
162.760  000.193  000.193: sourcing /home/hamza/.config/nvim/bundle/vim-expand-region/autoload/expand_region.vim
162.835  000.398  000.204: sourcing /home/hamza/.config/nvim/bundle/vim-expand-region/plugin/expand_region.vim
163.035  000.137  000.137: sourcing /home/hamza/.config/nvim/bundle/vim-system-copy/plugin/system_copy.vim
163.482  000.387  000.387: sourcing /home/hamza/.config/nvim/bundle/vim-matchit/plugin/matchit.vim
163.628  000.088  000.088: sourcing /home/hamza/.config/nvim/bundle/vim-pasta/plugin/pasta.vim
163.989  000.160  000.160: sourcing /home/hamza/.config/nvim/bundle/vim-indent-guides/autoload/indent_guides.vim
164.255  000.567  000.406: sourcing /home/hamza/.config/nvim/bundle/vim-indent-guides/plugin/indent_guides.vim
164.398  000.080  000.080: sourcing /home/hamza/.config/nvim/bundle/zoomwin-vim/plugin/ZoomWinPlugin.vim
164.656  000.193  000.193: sourcing /home/hamza/.config/nvim/bundle/SingleCompile/plugin/SingleCompile.vim
164.907  000.057  000.057: sourcing /home/hamza/.config/nvim/bundle/deoplete.nvim/autoload/deoplete.vim
165.167  000.122  000.122: sourcing /home/hamza/.config/nvim/bundle/deoplete.nvim/autoload/deoplete/init.vim
165.213  000.500  000.321: sourcing /home/hamza/.config/nvim/bundle/deoplete.nvim/plugin/deoplete.vim
165.956  000.683  000.683: sourcing /home/hamza/.config/nvim/bundle/supertab/plugin/supertab.vim
166.081  000.047  000.047: sourcing /home/hamza/.config/nvim/bundle/neco-vim/plugin/necovim.vim
166.686  000.068  000.068: sourcing /usr/share/nvim/runtime/autoload/provider/pythonx.vim
194.603  000.222  000.222: sourcing /usr/share/nvim/runtime/autoload/remote/host.vim
194.732  028.356  028.067: sourcing /usr/share/nvim/runtime/autoload/provider/python3.vim
195.095  000.084  000.084: sourcing /home/hamza/.config/nvim/bundle/ultisnips/autoload/UltiSnips/map_keys.vim
195.194  029.058  000.618: sourcing /home/hamza/.config/nvim/bundle/ultisnips/plugin/UltiSnips.vim
195.319  000.041  000.041: sourcing /home/hamza/.config/nvim/bundle/vim-snippets/plugin/vimsnippets.vim
196.271  000.550  000.550: sourcing /home/hamza/.config/nvim/bundle/vim-gitgutter/autoload/gitgutter/utility.vim
196.925  000.287  000.287: sourcing /home/hamza/.config/nvim/bundle/vim-gitgutter/autoload/gitgutter/highlight.vim
197.768  002.385  001.548: sourcing /home/hamza/.config/nvim/bundle/vim-gitgutter/plugin/gitgutter.vim
198.143  000.298  000.298: sourcing /home/hamza/.config/nvim/bundle/vim-multiple-cursors/plugin/multiple_cursors.vim
199.123  000.400  000.400: sourcing /home/hamza/.config/nvim/bundle/nerdtree/autoload/nerdtree.vim
200.931  001.149  001.149: sourcing /home/hamza/.config/nvim/bundle/nerdtree/lib/nerdtree/path.vim
201.403  000.288  000.288: sourcing /home/hamza/.config/nvim/bundle/nerdtree/lib/nerdtree/menu_controller.vim
201.773  000.202  000.202: sourcing /home/hamza/.config/nvim/bundle/nerdtree/lib/nerdtree/menu_item.vim
202.171  000.229  000.229: sourcing /home/hamza/.config/nvim/bundle/nerdtree/lib/nerdtree/key_map.vim
202.604  000.269  000.269: sourcing /home/hamza/.config/nvim/bundle/nerdtree/lib/nerdtree/bookmark.vim
202.972  000.196  000.196: sourcing /home/hamza/.config/nvim/bundle/nerdtree/lib/nerdtree/tree_file_node.vim
203.456  000.311  000.311: sourcing /home/hamza/.config/nvim/bundle/nerdtree/lib/nerdtree/tree_dir_node.vim
203.776  000.157  000.157: sourcing /home/hamza/.config/nvim/bundle/nerdtree/lib/nerdtree/opener.vim
204.122  000.178  000.178: sourcing /home/hamza/.config/nvim/bundle/nerdtree/lib/nerdtree/creator.vim
204.336  000.042  000.042: sourcing /home/hamza/.config/nvim/bundle/nerdtree/lib/nerdtree/flag_set.vim
204.611  000.110  000.110: sourcing /home/hamza/.config/nvim/bundle/nerdtree/lib/nerdtree/nerdtree.vim
205.020  000.251  000.251: sourcing /home/hamza/.config/nvim/bundle/nerdtree/lib/nerdtree/ui.vim
205.209  000.025  000.025: sourcing /home/hamza/.config/nvim/bundle/nerdtree/lib/nerdtree/event.vim
205.408  000.035  000.035: sourcing /home/hamza/.config/nvim/bundle/nerdtree/lib/nerdtree/notifier.vim
205.946  000.357  000.357: sourcing /home/hamza/.config/nvim/bundle/nerdtree/autoload/nerdtree/ui_glue.vim
218.280  000.091  000.091: sourcing /home/hamza/.config/nvim/bundle/nerdtree/nerdtree_plugin/exec_menuitem.vim
218.690  000.385  000.385: sourcing /home/hamza/.config/nvim/bundle/nerdtree/nerdtree_plugin/fs_menu.vim
218.966  020.753  016.079: sourcing /home/hamza/.config/nvim/bundle/nerdtree/plugin/NERD_tree.vim
219.758  000.728  000.728: sourcing /home/hamza/.config/nvim/bundle/tagbar/plugin/tagbar.vim
270.011  049.916  049.916: sourcing /usr/share/nvim/runtime/autoload/provider/python.vim
270.099  050.258  000.342: sourcing /home/hamza/.config/nvim/bundle/MatchTagAlways/plugin/MatchTagAlways.vim
270.546  000.067  000.067: sourcing /usr/share/nvim/runtime/plugin/gui_shim.vim
270.799  000.231  000.231: sourcing /usr/share/nvim/runtime/plugin/gzip.vim
270.847  000.028  000.028: sourcing /usr/share/nvim/runtime/plugin/health.vim
270.945  000.074  000.074: sourcing /usr/share/nvim/runtime/plugin/man.vim
270.989  000.025  000.025: sourcing /usr/share/nvim/runtime/plugin/matchit.vim
271.192  000.185  000.185: sourcing /usr/share/nvim/runtime/plugin/matchparen.vim
271.694  000.479  000.479: sourcing /usr/share/nvim/runtime/plugin/netrwPlugin.vim
272.437  000.178  000.178: sourcing /usr/share/nvim/runtime/autoload/remote/define.vim
272.530  000.604  000.426: sourcing /home/hamza/.local/share/nvim/rplugin.vim
272.537  000.812  000.209: sourcing /usr/share/nvim/runtime/plugin/rplugin.vim
272.576  000.017  000.017: sourcing /usr/share/nvim/runtime/plugin/rrhelper.vim
272.702  000.106  000.106: sourcing /usr/share/nvim/runtime/plugin/shada.vim
272.770  000.031  000.031: sourcing /usr/share/nvim/runtime/plugin/spellfile.vim
272.957  000.159  000.159: sourcing /usr/share/nvim/runtime/plugin/tarPlugin.vim
273.067  000.085  000.085: sourcing /usr/share/nvim/runtime/plugin/tohtml.vim
273.115  000.024  000.024: sourcing /usr/share/nvim/runtime/plugin/tutor.vim
273.308  000.171  000.171: sourcing /usr/share/nvim/runtime/plugin/zipPlugin.vim
273.320  005.123: loading plugins
273.410  000.089: loading packages
273.591  000.049  000.049: sourcing /home/hamza/.config/nvim/bundle/ale/after/plugin/ale.vim
273.801  000.111  000.111: sourcing /home/hamza/.config/nvim/bundle/ultisnips/after/plugin/UltiSnips_after.vim
273.871  000.301: loading after plugins
273.885  000.014: inits 3
276.339  002.454: reading ShaDa
277.016  000.677: clearing screen
277.727  000.241  000.241: sourcing /home/hamza/.config/nvim/bundle/vim-airline/autoload/airline/extensions.vim
278.043  000.210  000.210: sourcing /home/hamza/.config/nvim/bundle/vim-airline/autoload/airline/extensions/branch.vim
278.328  000.138  000.138: sourcing /home/hamza/.config/nvim/bundle/vim-airline/autoload/airline/extensions/tabline.vim
278.495  000.049  000.049: sourcing /home/hamza/.config/nvim/bundle/vim-airline/autoload/airline/extensions/tabline/autoshow.vim
278.735  000.080  000.080: sourcing /home/hamza/.config/nvim/bundle/vim-airline/autoload/airline/extensions/tabline/tabs.vim
279.029  000.176  000.176: sourcing /home/hamza/.config/nvim/bundle/vim-airline/autoload/airline/extensions/tabline/buffers.vim
279.239  000.061  000.061: sourcing /home/hamza/.config/nvim/bundle/vim-airline/autoload/airline/extensions/tagbar.vim
279.483  000.116  000.116: sourcing /home/hamza/.config/nvim/bundle/vim-airline/autoload/airline/extensions/whitespace.vim
279.704  000.065  000.065: sourcing /home/hamza/.config/nvim/bundle/vim-airline/autoload/airline/extensions/ale.vim
279.973  000.095  000.095: sourcing /home/hamza/.config/nvim/bundle/vim-airline/autoload/airline/section.vim
280.310  000.176  000.176: sourcing /home/hamza/.config/nvim/bundle/vim-airline/autoload/airline/highlighter.vim
282.161  000.051  000.051: sourcing /home/hamza/.config/nvim/bundle/vim-airline/autoload/airline/themes.vim
282.727  000.070  000.070: sourcing /home/hamza/.config/nvim/bundle/vim-airline/autoload/airline/extensions/ctrlp.vim
282.758  000.800  000.679: sourcing /home/hamza/.config/nvim/bundle/vim/autoload/airline/themes/dracula.vim
290.531  000.088  000.088: sourcing /home/hamza/.config/nvim/bundle/vim-airline/autoload/airline/util.vim
293.432  000.134  000.134: sourcing /home/hamza/.config/nvim/bundle/vim-airline/autoload/airline/builder.vim
293.722  000.082  000.082: sourcing /home/hamza/.config/nvim/bundle/vim-airline/autoload/airline/extensions/default.vim
298.841  000.075  000.075: sourcing /home/hamza/.config/nvim/bundle/ale/autoload/ale/statusline.vim
329.411  000.208  000.208: sourcing /home/hamza/.config/nvim/bundle/ale/autoload/ale/util.vim
329.933  000.269  000.269: sourcing /home/hamza/.config/nvim/bundle/ale/autoload/ale/linter.vim
330.018  049.937: opening buffers
330.724  000.041  000.041: sourcing /home/hamza/.config/nvim/bundle/ale/autoload/ale/pattern_options.vim
330.880  000.060  000.060: sourcing /home/hamza/.config/nvim/bundle/ale/autoload/ale/events.vim
331.264  000.087  000.087: sourcing /home/hamza/.config/nvim/bundle/vim-gitgutter/autoload/gitgutter.vim
331.639  000.141  000.141: sourcing /home/hamza/.config/nvim/bundle/vim-gitgutter/autoload/gitgutter/sign.vim
332.196  000.189  000.189: sourcing /home/hamza/.config/nvim/bundle/vim-gitgutter/autoload/gitgutter/hunk.vim
332.289  001.753: BufEnter autocommands
332.292  000.003: editing files in windows
346.337  001.479  001.479: sourcing /home/hamza/.config/nvim/bundle/tagbar/autoload/tagbar.vim
346.610  000.057  000.057: sourcing /home/hamza/.config/nvim/bundle/tagbar/autoload/tagbar/debug.vim
358.678  000.311  000.311: sourcing /home/hamza/.config/nvim/bundle/tagbar/autoload/tagbar/types/ctags.vim
358.948  000.051  000.051: sourcing /home/hamza/.config/nvim/bundle/tagbar/autoload/tagbar/prototypes/typeinfo.vim
375.234  000.272  000.272: sourcing /home/hamza/.config/nvim/bundle/vim-indent-guides/autoload/color_helper.vim
378.111  000.212  000.212: sourcing /home/hamza/.config/nvim/bundle/deoplete.nvim/autoload/deoplete/util.vim
482.672  000.092  000.092: sourcing /usr/share/nvim/runtime/autoload/provider.vim
483.231  000.092  000.092: sourcing /home/hamza/.config/nvim/bundle/deoplete.nvim/autoload/deoplete/mapping.vim
483.593  000.151  000.151: sourcing /home/hamza/.config/nvim/bundle/deoplete.nvim/autoload/deoplete/handler.vim
483.900  148.890: VimEnter autocommands
483.913  000.013: before starting main loop
484.107  000.096  000.096: sourcing /home/hamza/.config/nvim/bundle/ale/autoload/ale/cursor.vim
484.659  000.120  000.120: sourcing /home/hamza/.config/nvim/bundle/vim-airline/autoload/airline/extensions/tabline/ctrlspace.vim
485.071  000.027  000.027: sourcing /home/hamza/.config/nvim/bundle/vim-airline/autoload/airline/extensions/tabline/formatters/tabnr.vim
491.119  000.072  000.072: sourcing /home/hamza/.config/nvim/bundle/vim-airline/autoload/airline/extensions/tabline/buflist.vim
491.358  000.054  000.054: sourcing /home/hamza/.config/nvim/bundle/vim-airline/autoload/airline/extensions/tabline/formatters/default.vim
495.106  010.823: first screen update
495.111  000.005: --- NVIM STARTED ---
